<?xml version="1.0" encoding="UTF-8"?>
<!-- Generated by org.testng.reporters.JUnitXMLReporter -->
<testsuite hostname="LAPTOP-QFKR4O5H" ignored="0" name="Identify Courses in Opera" tests="20" failures="7" timestamp="2020-09-29T19:10:36 IST" time="252.884" errors="0">
  <testcase name="searchTest" time="77.452" classname="TestCases.IdentifyCoursesTest"/>
  <testcase name="formTest" time="6.577" classname="TestCases.IdentifyCoursesTest"/>
  <testcase name="formTest" time="6.412" classname="TestCases.IdentifyCoursesTest"/>
  <testcase name="formTest" time="6.687" classname="TestCases.IdentifyCoursesTest"/>
  <testcase name="formTest" time="6.626" classname="TestCases.IdentifyCoursesTest"/>
  <testcase name="formTest" time="6.094" classname="TestCases.IdentifyCoursesTest"/>
  <testcase name="formTest" time="6.276" classname="TestCases.IdentifyCoursesTest"/>
  <testcase name="formTest" time="13.661" classname="TestCases.IdentifyCoursesTest">
    <failure type="java.lang.AssertionError" message="Error message NOT displayed, which is a failure!">
      <![CDATA[java.lang.AssertionError: Error message NOT displayed, which is a failure!
at BaseClasses.BaseTestClass.reportFail(BaseTestClass.java:143)
at PageClasses.CourseraForCampusPage.fillAndSubmitForm(CourseraForCampusPage.java:94)
at TestCases.IdentifyCoursesTest.formTest(IdentifyCoursesTest.java:65)
at java.util.ArrayList.forEach(ArrayList.java:1259)
... Removed 27 stack frames]]>
    </failure>
  </testcase> <!-- formTest -->
  <testcase name="formTest" time="11.605" classname="TestCases.IdentifyCoursesTest">
    <failure type="java.lang.AssertionError" message="Error message NOT displayed, which is a failure!">
      <![CDATA[java.lang.AssertionError: Error message NOT displayed, which is a failure!
at BaseClasses.BaseTestClass.reportFail(BaseTestClass.java:143)
at PageClasses.CourseraForCampusPage.fillAndSubmitForm(CourseraForCampusPage.java:94)
at TestCases.IdentifyCoursesTest.formTest(IdentifyCoursesTest.java:65)
at java.util.ArrayList.forEach(ArrayList.java:1259)
... Removed 27 stack frames]]>
    </failure>
  </testcase> <!-- formTest -->
  <testcase name="formTest" time="11.977" classname="TestCases.IdentifyCoursesTest">
    <failure type="java.lang.AssertionError" message="Error message NOT displayed, which is a failure!">
      <![CDATA[java.lang.AssertionError: Error message NOT displayed, which is a failure!
at BaseClasses.BaseTestClass.reportFail(BaseTestClass.java:143)
at PageClasses.CourseraForCampusPage.fillAndSubmitForm(CourseraForCampusPage.java:94)
at TestCases.IdentifyCoursesTest.formTest(IdentifyCoursesTest.java:65)
at java.util.ArrayList.forEach(ArrayList.java:1259)
... Removed 27 stack frames]]>
    </failure>
  </testcase> <!-- formTest -->
  <testcase name="formTest" time="11.92" classname="TestCases.IdentifyCoursesTest">
    <failure type="java.lang.AssertionError" message="Error message NOT displayed, which is a failure!">
      <![CDATA[java.lang.AssertionError: Error message NOT displayed, which is a failure!
at BaseClasses.BaseTestClass.reportFail(BaseTestClass.java:143)
at PageClasses.CourseraForCampusPage.fillAndSubmitForm(CourseraForCampusPage.java:94)
at TestCases.IdentifyCoursesTest.formTest(IdentifyCoursesTest.java:65)
at java.util.ArrayList.forEach(ArrayList.java:1259)
... Removed 27 stack frames]]>
    </failure>
  </testcase> <!-- formTest -->
  <testcase name="formTest" time="13.953" classname="TestCases.IdentifyCoursesTest">
    <failure type="java.lang.AssertionError" message="Error message NOT displayed, which is a failure!">
      <![CDATA[java.lang.AssertionError: Error message NOT displayed, which is a failure!
at BaseClasses.BaseTestClass.reportFail(BaseTestClass.java:143)
at PageClasses.CourseraForCampusPage.fillAndSubmitForm(CourseraForCampusPage.java:94)
at TestCases.IdentifyCoursesTest.formTest(IdentifyCoursesTest.java:65)
at java.util.ArrayList.forEach(ArrayList.java:1259)
... Removed 27 stack frames]]>
    </failure>
  </testcase> <!-- formTest -->
  <testcase name="formTest" time="14.621" classname="TestCases.IdentifyCoursesTest">
    <failure type="java.lang.AssertionError" message="Error message NOT displayed, which is a failure!">
      <![CDATA[java.lang.AssertionError: Error message NOT displayed, which is a failure!
at BaseClasses.BaseTestClass.reportFail(BaseTestClass.java:143)
at PageClasses.CourseraForCampusPage.fillAndSubmitForm(CourseraForCampusPage.java:94)
at TestCases.IdentifyCoursesTest.formTest(IdentifyCoursesTest.java:65)
at java.util.ArrayList.forEach(ArrayList.java:1259)
... Removed 27 stack frames]]>
    </failure>
  </testcase> <!-- formTest -->
  <testcase name="formTest" time="12.918" classname="TestCases.IdentifyCoursesTest">
    <failure type="java.lang.AssertionError" message="Error message NOT displayed, which is a failure!">
      <![CDATA[java.lang.AssertionError: Error message NOT displayed, which is a failure!
at BaseClasses.BaseTestClass.reportFail(BaseTestClass.java:143)
at PageClasses.CourseraForCampusPage.fillAndSubmitForm(CourseraForCampusPage.java:94)
at TestCases.IdentifyCoursesTest.formTest(IdentifyCoursesTest.java:65)
at java.util.ArrayList.forEach(ArrayList.java:1259)
... Removed 27 stack frames]]>
    </failure>
  </testcase> <!-- formTest -->
  <testcase name="formTest" time="6.486" classname="TestCases.IdentifyCoursesTest"/>
  <testcase name="formTest" time="7.317" classname="TestCases.IdentifyCoursesTest"/>
  <testcase name="formTest" time="5.983" classname="TestCases.IdentifyCoursesTest"/>
  <testcase name="formTest" time="6.676" classname="TestCases.IdentifyCoursesTest"/>
  <testcase name="formTest" time="11.903" classname="TestCases.IdentifyCoursesTest"/>
  <testcase name="formTest" time="5.996" classname="TestCases.IdentifyCoursesTest"/>
</testsuite> <!-- Identify Courses in Opera -->
