<?xml version="1.0" encoding="UTF-8"?>
<!-- Generated by org.testng.reporters.JUnitXMLReporter -->
<testsuite hostname="LAPTOP-QFKR4O5H" ignored="0" name="Identify Courses in Chrome" tests="20" failures="7" timestamp="2020-09-29T19:06:23 IST" time="408.474" errors="0">
  <testcase name="searchTest" time="87.229" classname="TestCases.IdentifyCoursesTest"/>
  <testcase name="formTest" time="8.986" classname="TestCases.IdentifyCoursesTest"/>
  <testcase name="formTest" time="10.334" classname="TestCases.IdentifyCoursesTest"/>
  <testcase name="formTest" time="7.749" classname="TestCases.IdentifyCoursesTest"/>
  <testcase name="formTest" time="136.312" classname="TestCases.IdentifyCoursesTest"/>
  <testcase name="formTest" time="7.98" classname="TestCases.IdentifyCoursesTest"/>
  <testcase name="formTest" time="11.103" classname="TestCases.IdentifyCoursesTest"/>
  <testcase name="formTest" time="12.837" classname="TestCases.IdentifyCoursesTest">
    <failure type="java.lang.AssertionError" message="Error message NOT displayed, which is a failure!">
      <![CDATA[java.lang.AssertionError: Error message NOT displayed, which is a failure!
at BaseClasses.BaseTestClass.reportFail(BaseTestClass.java:143)
at PageClasses.CourseraForCampusPage.fillAndSubmitForm(CourseraForCampusPage.java:94)
at TestCases.IdentifyCoursesTest.formTest(IdentifyCoursesTest.java:65)
at java.util.ArrayList.forEach(ArrayList.java:1259)
... Removed 28 stack frames]]>
    </failure>
  </testcase> <!-- formTest -->
  <testcase name="formTest" time="13.185" classname="TestCases.IdentifyCoursesTest">
    <failure type="java.lang.AssertionError" message="Error message NOT displayed, which is a failure!">
      <![CDATA[java.lang.AssertionError: Error message NOT displayed, which is a failure!
at BaseClasses.BaseTestClass.reportFail(BaseTestClass.java:143)
at PageClasses.CourseraForCampusPage.fillAndSubmitForm(CourseraForCampusPage.java:94)
at TestCases.IdentifyCoursesTest.formTest(IdentifyCoursesTest.java:65)
at java.util.ArrayList.forEach(ArrayList.java:1259)
... Removed 28 stack frames]]>
    </failure>
  </testcase> <!-- formTest -->
  <testcase name="formTest" time="12.493" classname="TestCases.IdentifyCoursesTest">
    <failure type="java.lang.AssertionError" message="Error message NOT displayed, which is a failure!">
      <![CDATA[java.lang.AssertionError: Error message NOT displayed, which is a failure!
at BaseClasses.BaseTestClass.reportFail(BaseTestClass.java:143)
at PageClasses.CourseraForCampusPage.fillAndSubmitForm(CourseraForCampusPage.java:94)
at TestCases.IdentifyCoursesTest.formTest(IdentifyCoursesTest.java:65)
at java.util.ArrayList.forEach(ArrayList.java:1259)
... Removed 28 stack frames]]>
    </failure>
  </testcase> <!-- formTest -->
  <testcase name="formTest" time="12.409" classname="TestCases.IdentifyCoursesTest">
    <failure type="java.lang.AssertionError" message="Error message NOT displayed, which is a failure!">
      <![CDATA[java.lang.AssertionError: Error message NOT displayed, which is a failure!
at BaseClasses.BaseTestClass.reportFail(BaseTestClass.java:143)
at PageClasses.CourseraForCampusPage.fillAndSubmitForm(CourseraForCampusPage.java:94)
at TestCases.IdentifyCoursesTest.formTest(IdentifyCoursesTest.java:65)
at java.util.ArrayList.forEach(ArrayList.java:1259)
... Removed 28 stack frames]]>
    </failure>
  </testcase> <!-- formTest -->
  <testcase name="formTest" time="13.538" classname="TestCases.IdentifyCoursesTest">
    <failure type="java.lang.AssertionError" message="Error message NOT displayed, which is a failure!">
      <![CDATA[java.lang.AssertionError: Error message NOT displayed, which is a failure!
at BaseClasses.BaseTestClass.reportFail(BaseTestClass.java:143)
at PageClasses.CourseraForCampusPage.fillAndSubmitForm(CourseraForCampusPage.java:94)
at TestCases.IdentifyCoursesTest.formTest(IdentifyCoursesTest.java:65)
at java.util.ArrayList.forEach(ArrayList.java:1259)
... Removed 28 stack frames]]>
    </failure>
  </testcase> <!-- formTest -->
  <testcase name="formTest" time="12.428" classname="TestCases.IdentifyCoursesTest">
    <failure type="java.lang.AssertionError" message="Error message NOT displayed, which is a failure!">
      <![CDATA[java.lang.AssertionError: Error message NOT displayed, which is a failure!
at BaseClasses.BaseTestClass.reportFail(BaseTestClass.java:143)
at PageClasses.CourseraForCampusPage.fillAndSubmitForm(CourseraForCampusPage.java:94)
at TestCases.IdentifyCoursesTest.formTest(IdentifyCoursesTest.java:65)
at java.util.ArrayList.forEach(ArrayList.java:1259)
... Removed 28 stack frames]]>
    </failure>
  </testcase> <!-- formTest -->
  <testcase name="formTest" time="12.583" classname="TestCases.IdentifyCoursesTest">
    <failure type="java.lang.AssertionError" message="Error message NOT displayed, which is a failure!">
      <![CDATA[java.lang.AssertionError: Error message NOT displayed, which is a failure!
at BaseClasses.BaseTestClass.reportFail(BaseTestClass.java:143)
at PageClasses.CourseraForCampusPage.fillAndSubmitForm(CourseraForCampusPage.java:94)
at TestCases.IdentifyCoursesTest.formTest(IdentifyCoursesTest.java:65)
at java.util.ArrayList.forEach(ArrayList.java:1259)
... Removed 28 stack frames]]>
    </failure>
  </testcase> <!-- formTest -->
  <testcase name="formTest" time="6.087" classname="TestCases.IdentifyCoursesTest"/>
  <testcase name="formTest" time="5.896" classname="TestCases.IdentifyCoursesTest"/>
  <testcase name="formTest" time="6.585" classname="TestCases.IdentifyCoursesTest"/>
  <testcase name="formTest" time="6.91" classname="TestCases.IdentifyCoursesTest"/>
  <testcase name="formTest" time="13.302" classname="TestCases.IdentifyCoursesTest"/>
  <testcase name="formTest" time="6.531" classname="TestCases.IdentifyCoursesTest"/>
</testsuite> <!-- Identify Courses in Chrome -->
