<?xml version="1.0" encoding="UTF-8"?>
<testng-results skipped="0" failed="7" ignored="0" total="20" passed="13">
  <reporter-output>
  </reporter-output>
  <suite name="Regression suite" duration-ms="291609" started-at="2020-10-10T14:21:51Z" finished-at="2020-10-10T14:26:43Z">
    <groups>
      <group name="regression">
        <method signature="IdentifyCoursesTest.formTest(java.util.Hashtable)[pri:1, instance:TestCases.IdentifyCoursesTest@1ce92674]" name="formTest" class="TestCases.IdentifyCoursesTest"/>
        <method signature="IdentifyCoursesTest.searchTest(java.lang.String)[pri:0, instance:TestCases.IdentifyCoursesTest@1ce92674]" name="searchTest" class="TestCases.IdentifyCoursesTest"/>
      </group> <!-- regression -->
      <group name="smoke">
        <method signature="IdentifyCoursesTest.searchTest(java.lang.String)[pri:0, instance:TestCases.IdentifyCoursesTest@1ce92674]" name="searchTest" class="TestCases.IdentifyCoursesTest"/>
      </group> <!-- smoke -->
    </groups>
    <test name="Identify Courses in Chrome" duration-ms="291609" started-at="2020-10-10T14:21:51Z" finished-at="2020-10-10T14:26:43Z">
      <class name="TestCases.IdentifyCoursesTest">
        <test-method status="PASS" signature="loadProperties()[pri:0, instance:TestCases.IdentifyCoursesTest@1ce92674]" name="loadProperties" is-config="true" duration-ms="371" started-at="2020-10-10T14:21:51Z" finished-at="2020-10-10T14:21:51Z">
          <reporter-output>
          </reporter-output>
        </test-method> <!-- loadProperties -->
        <test-method status="PASS" signature="searchTest(java.lang.String)[pri:0, instance:TestCases.IdentifyCoursesTest@1ce92674]" name="searchTest" duration-ms="87578" started-at="2020-10-10T14:21:51Z" finished-at="2020-10-10T14:23:19Z">
          <params>
            <param index="0">
              <value>
                <![CDATA[Chrome]]>
              </value>
            </param>
          </params>
          <reporter-output>
          </reporter-output>
        </test-method> <!-- searchTest -->
        <test-method status="PASS" signature="formTest(java.util.Hashtable)[pri:1, instance:TestCases.IdentifyCoursesTest@1ce92674]" name="formTest" duration-ms="9287" started-at="2020-10-10T14:23:19Z" data-provider="getData" finished-at="2020-10-10T14:23:28Z">
          <params>
            <param index="0">
              <value>
                <![CDATA[{Comment=Empty FirstName, InstitutionStrength=1001-5000, CourseraUsersCount=1001-5000, InstitutionType=Government, Email=ab@cd.com, JobTitle=QAE, PageTitle=Coursera for Campus | Online Learning Platform for Universities, LastName=Kamenov, InstitutionName=xyz , FirstName=___, State=Tamil Nadu, Country=India, PhoneNo=987-654-3210}]]>
              </value>
            </param>
          </params>
          <reporter-output>
          </reporter-output>
        </test-method> <!-- formTest -->
        <test-method status="PASS" signature="formTest(java.util.Hashtable)[pri:1, instance:TestCases.IdentifyCoursesTest@1ce92674]" name="formTest" duration-ms="8190" started-at="2020-10-10T14:23:28Z" data-provider="getData" finished-at="2020-10-10T14:23:36Z">
          <params>
            <param index="0">
              <value>
                <![CDATA[{Comment=Empty LastName, InstitutionStrength=1001-5000, CourseraUsersCount=1001-5000, InstitutionType=Government, Email=ab@cd.com, JobTitle=QAE, PageTitle=Coursera for Campus | Online Learning Platform for Universities, LastName=___, InstitutionName=xyz , FirstName=Viktor, State=Tamil Nadu, Country=India, PhoneNo=987-654-3210}]]>
              </value>
            </param>
          </params>
          <reporter-output>
          </reporter-output>
        </test-method> <!-- formTest -->
        <test-method status="PASS" signature="formTest(java.util.Hashtable)[pri:1, instance:TestCases.IdentifyCoursesTest@1ce92674]" name="formTest" duration-ms="7753" started-at="2020-10-10T14:23:36Z" data-provider="getData" finished-at="2020-10-10T14:23:44Z">
          <params>
            <param index="0">
              <value>
                <![CDATA[{Comment=Empty Email, InstitutionStrength=1001-5000, CourseraUsersCount=1001-5000, InstitutionType=Government, Email=___, JobTitle=QAE, PageTitle=Coursera for Campus | Online Learning Platform for Universities, LastName=Kamenov, InstitutionName=xyz , FirstName=Viktor, State=Tamil Nadu, Country=India, PhoneNo=987-654-3210}]]>
              </value>
            </param>
          </params>
          <reporter-output>
          </reporter-output>
        </test-method> <!-- formTest -->
        <test-method status="PASS" signature="formTest(java.util.Hashtable)[pri:1, instance:TestCases.IdentifyCoursesTest@1ce92674]" name="formTest" duration-ms="7701" started-at="2020-10-10T14:23:44Z" data-provider="getData" finished-at="2020-10-10T14:23:52Z">
          <params>
            <param index="0">
              <value>
                <![CDATA[{Comment=Invalid Email, InstitutionStrength=1001-5000, CourseraUsersCount=1001-5000, InstitutionType=Government, Email=abcd, JobTitle=QAE, PageTitle=Coursera for Campus | Online Learning Platform for Universities, LastName=Kamenov, InstitutionName=xyz , FirstName=Viktor, State=Tamil Nadu, Country=India, PhoneNo=987-654-3210}]]>
              </value>
            </param>
          </params>
          <reporter-output>
          </reporter-output>
        </test-method> <!-- formTest -->
        <test-method status="PASS" signature="formTest(java.util.Hashtable)[pri:1, instance:TestCases.IdentifyCoursesTest@1ce92674]" name="formTest" duration-ms="7740" started-at="2020-10-10T14:23:52Z" data-provider="getData" finished-at="2020-10-10T14:23:59Z">
          <params>
            <param index="0">
              <value>
                <![CDATA[{Comment=Empty JobTitle, InstitutionStrength=1001-5000, CourseraUsersCount=1001-5000, InstitutionType=Government, Email=ab@cd.com, JobTitle=___, PageTitle=Coursera for Campus | Online Learning Platform for Universities, LastName=Kamenov, InstitutionName=xyz , FirstName=Viktor, State=Tamil Nadu, Country=India, PhoneNo=987-654-3210}]]>
              </value>
            </param>
          </params>
          <reporter-output>
          </reporter-output>
        </test-method> <!-- formTest -->
        <test-method status="PASS" signature="formTest(java.util.Hashtable)[pri:1, instance:TestCases.IdentifyCoursesTest@1ce92674]" name="formTest" duration-ms="7683" started-at="2020-10-10T14:23:59Z" data-provider="getData" finished-at="2020-10-10T14:24:07Z">
          <params>
            <param index="0">
              <value>
                <![CDATA[{Comment=Empty PhoneNo, InstitutionStrength=1001-5000, CourseraUsersCount=1001-5000, InstitutionType=Government, Email=ab@cd.com, JobTitle=QAE, PageTitle=Coursera for Campus | Online Learning Platform for Universities, LastName=Kamenov, InstitutionName=xyz , FirstName=Viktor, State=Tamil Nadu, Country=India, PhoneNo=___}]]>
              </value>
            </param>
          </params>
          <reporter-output>
          </reporter-output>
        </test-method> <!-- formTest -->
        <test-method status="FAIL" signature="formTest(java.util.Hashtable)[pri:1, instance:TestCases.IdentifyCoursesTest@1ce92674]" name="formTest" duration-ms="13971" started-at="2020-10-10T14:24:07Z" data-provider="getData" finished-at="2020-10-10T14:24:21Z">
          <params>
            <param index="0">
              <value>
                <![CDATA[{Comment=Invalid PhoneNo, InstitutionStrength=1001-5000, CourseraUsersCount=1001-5000, InstitutionType=Government, Email=ab@cd.com, JobTitle=QAE, PageTitle=Coursera for Campus | Online Learning Platform for Universities, LastName=Kamenov, InstitutionName=xyz , FirstName=Viktor, State=Tamil Nadu, Country=India, PhoneNo=987-65}]]>
              </value>
            </param>
          </params>
          <exception class="java.lang.AssertionError">
            <message>
              <![CDATA[Error message NOT displayed, which is a failure!]]>
            </message>
            <full-stacktrace>
              <![CDATA[java.lang.AssertionError: Error message NOT displayed, which is a failure!
at org.testng.Assert.fail(Assert.java:96)
at BaseClasses.BaseTestClass.reportFail(BaseTestClass.java:178)
at PageClasses.CourseraForCampusPage.fillAndSubmitForm(CourseraForCampusPage.java:131)
at TestCases.IdentifyCoursesTest.formTest(IdentifyCoursesTest.java:73)
at sun.reflect.NativeMethodAccessorImpl.invoke0(Native Method)
at sun.reflect.NativeMethodAccessorImpl.invoke(NativeMethodAccessorImpl.java:62)
at sun.reflect.DelegatingMethodAccessorImpl.invoke(DelegatingMethodAccessorImpl.java:43)
at java.lang.reflect.Method.invoke(Method.java:498)
at org.testng.internal.MethodInvocationHelper.invokeMethod(MethodInvocationHelper.java:124)
at org.testng.internal.Invoker.invokeMethod(Invoker.java:583)
at org.testng.internal.Invoker.invokeTestMethod(Invoker.java:719)
at org.testng.internal.Invoker.invokeTestMethods(Invoker.java:989)
at org.testng.internal.TestMethodWorker.invokeTestMethods(TestMethodWorker.java:125)
at org.testng.internal.TestMethodWorker.run(TestMethodWorker.java:109)
at org.testng.TestRunner.privateRun(TestRunner.java:648)
at org.testng.TestRunner.run(TestRunner.java:505)
at org.testng.SuiteRunner.runTest(SuiteRunner.java:455)
at org.testng.SuiteRunner.access$000(SuiteRunner.java:40)
at org.testng.SuiteRunner$SuiteWorker.run(SuiteRunner.java:489)
at org.testng.internal.thread.ThreadUtil$1.call(ThreadUtil.java:52)
at java.util.concurrent.FutureTask.run(FutureTask.java:266)
at java.util.concurrent.ThreadPoolExecutor.runWorker(ThreadPoolExecutor.java:1149)
at java.util.concurrent.ThreadPoolExecutor$Worker.run(ThreadPoolExecutor.java:624)
at java.lang.Thread.run(Thread.java:748)
]]>
            </full-stacktrace>
          </exception> <!-- java.lang.AssertionError -->
          <reporter-output>
          </reporter-output>
        </test-method> <!-- formTest -->
        <test-method status="FAIL" signature="formTest(java.util.Hashtable)[pri:1, instance:TestCases.IdentifyCoursesTest@1ce92674]" name="formTest" duration-ms="13174" started-at="2020-10-10T14:24:21Z" data-provider="getData" finished-at="2020-10-10T14:24:34Z">
          <params>
            <param index="0">
              <value>
                <![CDATA[{Comment=Invalid PhoneNo, InstitutionStrength=1001-5000, CourseraUsersCount=1001-5000, InstitutionType=Government, Email=ab@cd.com, JobTitle=QAE, PageTitle=Coursera for Campus | Online Learning Platform for Universities, LastName=Kamenov, InstitutionName=xyz , FirstName=Viktor, State=Tamil Nadu, Country=India, PhoneNo=((((}]]>
              </value>
            </param>
          </params>
          <exception class="java.lang.AssertionError">
            <message>
              <![CDATA[Error message NOT displayed, which is a failure!]]>
            </message>
            <full-stacktrace>
              <![CDATA[java.lang.AssertionError: Error message NOT displayed, which is a failure!
at org.testng.Assert.fail(Assert.java:96)
at BaseClasses.BaseTestClass.reportFail(BaseTestClass.java:178)
at PageClasses.CourseraForCampusPage.fillAndSubmitForm(CourseraForCampusPage.java:131)
at TestCases.IdentifyCoursesTest.formTest(IdentifyCoursesTest.java:73)
at sun.reflect.NativeMethodAccessorImpl.invoke0(Native Method)
at sun.reflect.NativeMethodAccessorImpl.invoke(NativeMethodAccessorImpl.java:62)
at sun.reflect.DelegatingMethodAccessorImpl.invoke(DelegatingMethodAccessorImpl.java:43)
at java.lang.reflect.Method.invoke(Method.java:498)
at org.testng.internal.MethodInvocationHelper.invokeMethod(MethodInvocationHelper.java:124)
at org.testng.internal.Invoker.invokeMethod(Invoker.java:583)
at org.testng.internal.Invoker.invokeTestMethod(Invoker.java:719)
at org.testng.internal.Invoker.invokeTestMethods(Invoker.java:989)
at org.testng.internal.TestMethodWorker.invokeTestMethods(TestMethodWorker.java:125)
at org.testng.internal.TestMethodWorker.run(TestMethodWorker.java:109)
at org.testng.TestRunner.privateRun(TestRunner.java:648)
at org.testng.TestRunner.run(TestRunner.java:505)
at org.testng.SuiteRunner.runTest(SuiteRunner.java:455)
at org.testng.SuiteRunner.access$000(SuiteRunner.java:40)
at org.testng.SuiteRunner$SuiteWorker.run(SuiteRunner.java:489)
at org.testng.internal.thread.ThreadUtil$1.call(ThreadUtil.java:52)
at java.util.concurrent.FutureTask.run(FutureTask.java:266)
at java.util.concurrent.ThreadPoolExecutor.runWorker(ThreadPoolExecutor.java:1149)
at java.util.concurrent.ThreadPoolExecutor$Worker.run(ThreadPoolExecutor.java:624)
at java.lang.Thread.run(Thread.java:748)
]]>
            </full-stacktrace>
          </exception> <!-- java.lang.AssertionError -->
          <reporter-output>
          </reporter-output>
        </test-method> <!-- formTest -->
        <test-method status="FAIL" signature="formTest(java.util.Hashtable)[pri:1, instance:TestCases.IdentifyCoursesTest@1ce92674]" name="formTest" duration-ms="13358" started-at="2020-10-10T14:24:34Z" data-provider="getData" finished-at="2020-10-10T14:24:48Z">
          <params>
            <param index="0">
              <value>
                <![CDATA[{Comment=Invalid PhoneNo, InstitutionStrength=1001-5000, CourseraUsersCount=1001-5000, InstitutionType=Government, Email=ab@cd.com, JobTitle=QAE, PageTitle=Coursera for Campus | Online Learning Platform for Universities, LastName=Kamenov, InstitutionName=xyz , FirstName=Viktor, State=Tamil Nadu, Country=India, PhoneNo=))))}]]>
              </value>
            </param>
          </params>
          <exception class="java.lang.AssertionError">
            <message>
              <![CDATA[Error message NOT displayed, which is a failure!]]>
            </message>
            <full-stacktrace>
              <![CDATA[java.lang.AssertionError: Error message NOT displayed, which is a failure!
at org.testng.Assert.fail(Assert.java:96)
at BaseClasses.BaseTestClass.reportFail(BaseTestClass.java:178)
at PageClasses.CourseraForCampusPage.fillAndSubmitForm(CourseraForCampusPage.java:131)
at TestCases.IdentifyCoursesTest.formTest(IdentifyCoursesTest.java:73)
at sun.reflect.NativeMethodAccessorImpl.invoke0(Native Method)
at sun.reflect.NativeMethodAccessorImpl.invoke(NativeMethodAccessorImpl.java:62)
at sun.reflect.DelegatingMethodAccessorImpl.invoke(DelegatingMethodAccessorImpl.java:43)
at java.lang.reflect.Method.invoke(Method.java:498)
at org.testng.internal.MethodInvocationHelper.invokeMethod(MethodInvocationHelper.java:124)
at org.testng.internal.Invoker.invokeMethod(Invoker.java:583)
at org.testng.internal.Invoker.invokeTestMethod(Invoker.java:719)
at org.testng.internal.Invoker.invokeTestMethods(Invoker.java:989)
at org.testng.internal.TestMethodWorker.invokeTestMethods(TestMethodWorker.java:125)
at org.testng.internal.TestMethodWorker.run(TestMethodWorker.java:109)
at org.testng.TestRunner.privateRun(TestRunner.java:648)
at org.testng.TestRunner.run(TestRunner.java:505)
at org.testng.SuiteRunner.runTest(SuiteRunner.java:455)
at org.testng.SuiteRunner.access$000(SuiteRunner.java:40)
at org.testng.SuiteRunner$SuiteWorker.run(SuiteRunner.java:489)
at org.testng.internal.thread.ThreadUtil$1.call(ThreadUtil.java:52)
at java.util.concurrent.FutureTask.run(FutureTask.java:266)
at java.util.concurrent.ThreadPoolExecutor.runWorker(ThreadPoolExecutor.java:1149)
at java.util.concurrent.ThreadPoolExecutor$Worker.run(ThreadPoolExecutor.java:624)
at java.lang.Thread.run(Thread.java:748)
]]>
            </full-stacktrace>
          </exception> <!-- java.lang.AssertionError -->
          <reporter-output>
          </reporter-output>
        </test-method> <!-- formTest -->
        <test-method status="FAIL" signature="formTest(java.util.Hashtable)[pri:1, instance:TestCases.IdentifyCoursesTest@1ce92674]" name="formTest" duration-ms="13196" started-at="2020-10-10T14:24:48Z" data-provider="getData" finished-at="2020-10-10T14:25:01Z">
          <params>
            <param index="0">
              <value>
                <![CDATA[{Comment=Invalid PhoneNo, InstitutionStrength=1001-5000, CourseraUsersCount=1001-5000, InstitutionType=Government, Email=ab@cd.com, JobTitle=QAE, PageTitle=Coursera for Campus | Online Learning Platform for Universities, LastName=Kamenov, InstitutionName=xyz , FirstName=Viktor, State=Tamil Nadu, Country=India, PhoneNo=98----}]]>
              </value>
            </param>
          </params>
          <exception class="java.lang.AssertionError">
            <message>
              <![CDATA[Error message NOT displayed, which is a failure!]]>
            </message>
            <full-stacktrace>
              <![CDATA[java.lang.AssertionError: Error message NOT displayed, which is a failure!
at org.testng.Assert.fail(Assert.java:96)
at BaseClasses.BaseTestClass.reportFail(BaseTestClass.java:178)
at PageClasses.CourseraForCampusPage.fillAndSubmitForm(CourseraForCampusPage.java:131)
at TestCases.IdentifyCoursesTest.formTest(IdentifyCoursesTest.java:73)
at sun.reflect.NativeMethodAccessorImpl.invoke0(Native Method)
at sun.reflect.NativeMethodAccessorImpl.invoke(NativeMethodAccessorImpl.java:62)
at sun.reflect.DelegatingMethodAccessorImpl.invoke(DelegatingMethodAccessorImpl.java:43)
at java.lang.reflect.Method.invoke(Method.java:498)
at org.testng.internal.MethodInvocationHelper.invokeMethod(MethodInvocationHelper.java:124)
at org.testng.internal.Invoker.invokeMethod(Invoker.java:583)
at org.testng.internal.Invoker.invokeTestMethod(Invoker.java:719)
at org.testng.internal.Invoker.invokeTestMethods(Invoker.java:989)
at org.testng.internal.TestMethodWorker.invokeTestMethods(TestMethodWorker.java:125)
at org.testng.internal.TestMethodWorker.run(TestMethodWorker.java:109)
at org.testng.TestRunner.privateRun(TestRunner.java:648)
at org.testng.TestRunner.run(TestRunner.java:505)
at org.testng.SuiteRunner.runTest(SuiteRunner.java:455)
at org.testng.SuiteRunner.access$000(SuiteRunner.java:40)
at org.testng.SuiteRunner$SuiteWorker.run(SuiteRunner.java:489)
at org.testng.internal.thread.ThreadUtil$1.call(ThreadUtil.java:52)
at java.util.concurrent.FutureTask.run(FutureTask.java:266)
at java.util.concurrent.ThreadPoolExecutor.runWorker(ThreadPoolExecutor.java:1149)
at java.util.concurrent.ThreadPoolExecutor$Worker.run(ThreadPoolExecutor.java:624)
at java.lang.Thread.run(Thread.java:748)
]]>
            </full-stacktrace>
          </exception> <!-- java.lang.AssertionError -->
          <reporter-output>
          </reporter-output>
        </test-method> <!-- formTest -->
        <test-method status="FAIL" signature="formTest(java.util.Hashtable)[pri:1, instance:TestCases.IdentifyCoursesTest@1ce92674]" name="formTest" duration-ms="14019" started-at="2020-10-10T14:25:01Z" data-provider="getData" finished-at="2020-10-10T14:25:15Z">
          <params>
            <param index="0">
              <value>
                <![CDATA[{Comment=Invalid PhoneNo, InstitutionStrength=1001-5000, CourseraUsersCount=1001-5000, InstitutionType=Government, Email=ab@cd.com, JobTitle=QAE, PageTitle=Coursera for Campus | Online Learning Platform for Universities, LastName=Kamenov, InstitutionName=xyz , FirstName=Viktor, State=Tamil Nadu, Country=India, PhoneNo=76++}]]>
              </value>
            </param>
          </params>
          <exception class="java.lang.AssertionError">
            <message>
              <![CDATA[Error message NOT displayed, which is a failure!]]>
            </message>
            <full-stacktrace>
              <![CDATA[java.lang.AssertionError: Error message NOT displayed, which is a failure!
at org.testng.Assert.fail(Assert.java:96)
at BaseClasses.BaseTestClass.reportFail(BaseTestClass.java:178)
at PageClasses.CourseraForCampusPage.fillAndSubmitForm(CourseraForCampusPage.java:131)
at TestCases.IdentifyCoursesTest.formTest(IdentifyCoursesTest.java:73)
at sun.reflect.NativeMethodAccessorImpl.invoke0(Native Method)
at sun.reflect.NativeMethodAccessorImpl.invoke(NativeMethodAccessorImpl.java:62)
at sun.reflect.DelegatingMethodAccessorImpl.invoke(DelegatingMethodAccessorImpl.java:43)
at java.lang.reflect.Method.invoke(Method.java:498)
at org.testng.internal.MethodInvocationHelper.invokeMethod(MethodInvocationHelper.java:124)
at org.testng.internal.Invoker.invokeMethod(Invoker.java:583)
at org.testng.internal.Invoker.invokeTestMethod(Invoker.java:719)
at org.testng.internal.Invoker.invokeTestMethods(Invoker.java:989)
at org.testng.internal.TestMethodWorker.invokeTestMethods(TestMethodWorker.java:125)
at org.testng.internal.TestMethodWorker.run(TestMethodWorker.java:109)
at org.testng.TestRunner.privateRun(TestRunner.java:648)
at org.testng.TestRunner.run(TestRunner.java:505)
at org.testng.SuiteRunner.runTest(SuiteRunner.java:455)
at org.testng.SuiteRunner.access$000(SuiteRunner.java:40)
at org.testng.SuiteRunner$SuiteWorker.run(SuiteRunner.java:489)
at org.testng.internal.thread.ThreadUtil$1.call(ThreadUtil.java:52)
at java.util.concurrent.FutureTask.run(FutureTask.java:266)
at java.util.concurrent.ThreadPoolExecutor.runWorker(ThreadPoolExecutor.java:1149)
at java.util.concurrent.ThreadPoolExecutor$Worker.run(ThreadPoolExecutor.java:624)
at java.lang.Thread.run(Thread.java:748)
]]>
            </full-stacktrace>
          </exception> <!-- java.lang.AssertionError -->
          <reporter-output>
          </reporter-output>
        </test-method> <!-- formTest -->
        <test-method status="FAIL" signature="formTest(java.util.Hashtable)[pri:1, instance:TestCases.IdentifyCoursesTest@1ce92674]" name="formTest" duration-ms="13015" started-at="2020-10-10T14:25:15Z" data-provider="getData" finished-at="2020-10-10T14:25:28Z">
          <params>
            <param index="0">
              <value>
                <![CDATA[{Comment=Invalid PhoneNo, InstitutionStrength=1001-5000, CourseraUsersCount=1001-5000, InstitutionType=Government, Email=ab@cd.com, JobTitle=QAE, PageTitle=Coursera for Campus | Online Learning Platform for Universities, LastName=Kamenov, InstitutionName=xyz , FirstName=Viktor, State=Tamil Nadu, Country=India, PhoneNo=54...}]]>
              </value>
            </param>
          </params>
          <exception class="java.lang.AssertionError">
            <message>
              <![CDATA[Error message NOT displayed, which is a failure!]]>
            </message>
            <full-stacktrace>
              <![CDATA[java.lang.AssertionError: Error message NOT displayed, which is a failure!
at org.testng.Assert.fail(Assert.java:96)
at BaseClasses.BaseTestClass.reportFail(BaseTestClass.java:178)
at PageClasses.CourseraForCampusPage.fillAndSubmitForm(CourseraForCampusPage.java:131)
at TestCases.IdentifyCoursesTest.formTest(IdentifyCoursesTest.java:73)
at sun.reflect.NativeMethodAccessorImpl.invoke0(Native Method)
at sun.reflect.NativeMethodAccessorImpl.invoke(NativeMethodAccessorImpl.java:62)
at sun.reflect.DelegatingMethodAccessorImpl.invoke(DelegatingMethodAccessorImpl.java:43)
at java.lang.reflect.Method.invoke(Method.java:498)
at org.testng.internal.MethodInvocationHelper.invokeMethod(MethodInvocationHelper.java:124)
at org.testng.internal.Invoker.invokeMethod(Invoker.java:583)
at org.testng.internal.Invoker.invokeTestMethod(Invoker.java:719)
at org.testng.internal.Invoker.invokeTestMethods(Invoker.java:989)
at org.testng.internal.TestMethodWorker.invokeTestMethods(TestMethodWorker.java:125)
at org.testng.internal.TestMethodWorker.run(TestMethodWorker.java:109)
at org.testng.TestRunner.privateRun(TestRunner.java:648)
at org.testng.TestRunner.run(TestRunner.java:505)
at org.testng.SuiteRunner.runTest(SuiteRunner.java:455)
at org.testng.SuiteRunner.access$000(SuiteRunner.java:40)
at org.testng.SuiteRunner$SuiteWorker.run(SuiteRunner.java:489)
at org.testng.internal.thread.ThreadUtil$1.call(ThreadUtil.java:52)
at java.util.concurrent.FutureTask.run(FutureTask.java:266)
at java.util.concurrent.ThreadPoolExecutor.runWorker(ThreadPoolExecutor.java:1149)
at java.util.concurrent.ThreadPoolExecutor$Worker.run(ThreadPoolExecutor.java:624)
at java.lang.Thread.run(Thread.java:748)
]]>
            </full-stacktrace>
          </exception> <!-- java.lang.AssertionError -->
          <reporter-output>
          </reporter-output>
        </test-method> <!-- formTest -->
        <test-method status="FAIL" signature="formTest(java.util.Hashtable)[pri:1, instance:TestCases.IdentifyCoursesTest@1ce92674]" name="formTest" duration-ms="20040" started-at="2020-10-10T14:25:28Z" data-provider="getData" finished-at="2020-10-10T14:25:48Z">
          <params>
            <param index="0">
              <value>
                <![CDATA[{Comment=Invalid PhoneNo, InstitutionStrength=1001-5000, CourseraUsersCount=1001-5000, InstitutionType=Government, Email=ab@cd.com, JobTitle=QAE, PageTitle=Coursera for Campus | Online Learning Platform for Universities, LastName=Kamenov, InstitutionName=xyz , FirstName=Viktor, State=Tamil Nadu, Country=India, PhoneNo=(321)-+.}]]>
              </value>
            </param>
          </params>
          <exception class="java.lang.AssertionError">
            <message>
              <![CDATA[Error message NOT displayed, which is a failure!]]>
            </message>
            <full-stacktrace>
              <![CDATA[java.lang.AssertionError: Error message NOT displayed, which is a failure!
at org.testng.Assert.fail(Assert.java:96)
at BaseClasses.BaseTestClass.reportFail(BaseTestClass.java:178)
at PageClasses.CourseraForCampusPage.fillAndSubmitForm(CourseraForCampusPage.java:131)
at TestCases.IdentifyCoursesTest.formTest(IdentifyCoursesTest.java:73)
at sun.reflect.NativeMethodAccessorImpl.invoke0(Native Method)
at sun.reflect.NativeMethodAccessorImpl.invoke(NativeMethodAccessorImpl.java:62)
at sun.reflect.DelegatingMethodAccessorImpl.invoke(DelegatingMethodAccessorImpl.java:43)
at java.lang.reflect.Method.invoke(Method.java:498)
at org.testng.internal.MethodInvocationHelper.invokeMethod(MethodInvocationHelper.java:124)
at org.testng.internal.Invoker.invokeMethod(Invoker.java:583)
at org.testng.internal.Invoker.invokeTestMethod(Invoker.java:719)
at org.testng.internal.Invoker.invokeTestMethods(Invoker.java:989)
at org.testng.internal.TestMethodWorker.invokeTestMethods(TestMethodWorker.java:125)
at org.testng.internal.TestMethodWorker.run(TestMethodWorker.java:109)
at org.testng.TestRunner.privateRun(TestRunner.java:648)
at org.testng.TestRunner.run(TestRunner.java:505)
at org.testng.SuiteRunner.runTest(SuiteRunner.java:455)
at org.testng.SuiteRunner.access$000(SuiteRunner.java:40)
at org.testng.SuiteRunner$SuiteWorker.run(SuiteRunner.java:489)
at org.testng.internal.thread.ThreadUtil$1.call(ThreadUtil.java:52)
at java.util.concurrent.FutureTask.run(FutureTask.java:266)
at java.util.concurrent.ThreadPoolExecutor.runWorker(ThreadPoolExecutor.java:1149)
at java.util.concurrent.ThreadPoolExecutor$Worker.run(ThreadPoolExecutor.java:624)
at java.lang.Thread.run(Thread.java:748)
]]>
            </full-stacktrace>
          </exception> <!-- java.lang.AssertionError -->
          <reporter-output>
          </reporter-output>
        </test-method> <!-- formTest -->
        <test-method status="PASS" signature="formTest(java.util.Hashtable)[pri:1, instance:TestCases.IdentifyCoursesTest@1ce92674]" name="formTest" duration-ms="7584" started-at="2020-10-10T14:25:48Z" data-provider="getData" finished-at="2020-10-10T14:25:55Z">
          <params>
            <param index="0">
              <value>
                <![CDATA[{Comment=Empty InstitutionName, InstitutionStrength=1001-5000, CourseraUsersCount=1001-5000, InstitutionType=Government, Email=ab@cd.com, JobTitle=QAE, PageTitle=Coursera for Campus | Online Learning Platform for Universities, LastName=Kamenov, InstitutionName=___, FirstName=Viktor, State=Tamil Nadu, Country=India, PhoneNo=987-654-3210}]]>
              </value>
            </param>
          </params>
          <reporter-output>
          </reporter-output>
        </test-method> <!-- formTest -->
        <test-method status="PASS" signature="formTest(java.util.Hashtable)[pri:1, instance:TestCases.IdentifyCoursesTest@1ce92674]" name="formTest" duration-ms="7951" started-at="2020-10-10T14:25:55Z" data-provider="getData" finished-at="2020-10-10T14:26:03Z">
          <params>
            <param index="0">
              <value>
                <![CDATA[{Comment=No selection in InstitutionType, InstitutionStrength=1001-5000, CourseraUsersCount=1001-5000, InstitutionType=___, Email=ab@cd.com, JobTitle=QAE, PageTitle=Coursera for Campus | Online Learning Platform for Universities, LastName=Kamenov, InstitutionName=xyz , FirstName=Viktor, State=Tamil Nadu, Country=India, PhoneNo=987-654-3210}]]>
              </value>
            </param>
          </params>
          <reporter-output>
          </reporter-output>
        </test-method> <!-- formTest -->
        <test-method status="PASS" signature="formTest(java.util.Hashtable)[pri:1, instance:TestCases.IdentifyCoursesTest@1ce92674]" name="formTest" duration-ms="7627" started-at="2020-10-10T14:26:03Z" data-provider="getData" finished-at="2020-10-10T14:26:11Z">
          <params>
            <param index="0">
              <value>
                <![CDATA[{Comment=No selection in InstitutionStrength, InstitutionStrength=___, CourseraUsersCount=1001-5000, InstitutionType=Government, Email=ab@cd.com, JobTitle=QAE, PageTitle=Coursera for Campus | Online Learning Platform for Universities, LastName=Kamenov, InstitutionName=xyz , FirstName=Viktor, State=Tamil Nadu, Country=India, PhoneNo=987-654-3210}]]>
              </value>
            </param>
          </params>
          <reporter-output>
          </reporter-output>
        </test-method> <!-- formTest -->
        <test-method status="PASS" signature="formTest(java.util.Hashtable)[pri:1, instance:TestCases.IdentifyCoursesTest@1ce92674]" name="formTest" duration-ms="8291" started-at="2020-10-10T14:26:11Z" data-provider="getData" finished-at="2020-10-10T14:26:19Z">
          <params>
            <param index="0">
              <value>
                <![CDATA[{Comment=No selection in CourseraUsersCount, InstitutionStrength=1001-5000, CourseraUsersCount=___, InstitutionType=Government, Email=ab@cd.com, JobTitle=QAE, PageTitle=Coursera for Campus | Online Learning Platform for Universities, LastName=Kamenov, InstitutionName=xyz , FirstName=Viktor, State=Tamil Nadu, Country=India, PhoneNo=987-654-3210}]]>
              </value>
            </param>
          </params>
          <reporter-output>
          </reporter-output>
        </test-method> <!-- formTest -->
        <test-method status="PASS" signature="formTest(java.util.Hashtable)[pri:1, instance:TestCases.IdentifyCoursesTest@1ce92674]" name="formTest" duration-ms="14468" started-at="2020-10-10T14:26:19Z" data-provider="getData" finished-at="2020-10-10T14:26:34Z">
          <params>
            <param index="0">
              <value>
                <![CDATA[{Comment=No selection in Country, InstitutionStrength=1001-5000, CourseraUsersCount=1001-5000, InstitutionType=Government, Email=ab@cd.com, JobTitle=QAE, PageTitle=Coursera for Campus | Online Learning Platform for Universities, LastName=Kamenov, InstitutionName=xyz , FirstName=Viktor, State=___, Country=___, PhoneNo=987-654-3210}]]>
              </value>
            </param>
          </params>
          <reporter-output>
          </reporter-output>
        </test-method> <!-- formTest -->
        <test-method status="PASS" signature="formTest(java.util.Hashtable)[pri:1, instance:TestCases.IdentifyCoursesTest@1ce92674]" name="formTest" duration-ms="7781" started-at="2020-10-10T14:26:34Z" data-provider="getData" finished-at="2020-10-10T14:26:42Z">
          <params>
            <param index="0">
              <value>
                <![CDATA[{Comment=No selection in State, InstitutionStrength=1001-5000, CourseraUsersCount=1001-5000, InstitutionType=Government, Email=ab@cd.com, JobTitle=QAE, PageTitle=Coursera for Campus | Online Learning Platform for Universities, LastName=Kamenov, InstitutionName=xyz , FirstName=Viktor, State=___, Country=India, PhoneNo=987-654-3210}]]>
              </value>
            </param>
          </params>
          <reporter-output>
          </reporter-output>
        </test-method> <!-- formTest -->
        <test-method status="PASS" signature="quitBrowser()[pri:0, instance:TestCases.IdentifyCoursesTest@1ce92674]" name="quitBrowser" is-config="true" duration-ms="1038" started-at="2020-10-10T14:26:42Z" finished-at="2020-10-10T14:26:43Z">
          <reporter-output>
          </reporter-output>
        </test-method> <!-- quitBrowser -->
        <test-method status="PASS" signature="endReport()[pri:0, instance:TestCases.IdentifyCoursesTest@1ce92674]" name="endReport" is-config="true" duration-ms="423" started-at="2020-10-10T14:26:43Z" finished-at="2020-10-10T14:26:43Z">
          <reporter-output>
          </reporter-output>
        </test-method> <!-- endReport -->
      </class> <!-- TestCases.IdentifyCoursesTest -->
    </test> <!-- Identify Courses in Chrome -->
  </suite> <!-- Regression suite -->
</testng-results>
