<?xml version="1.0" encoding="UTF-8"?>
<!-- Generated by org.testng.reporters.JUnitXMLReporter -->
<testsuite hostname="LAPTOP-QFKR4O5H" ignored="0" name="Firefox Test" tests="1" failures="1" timestamp="2020-09-25T19:35:20 IST" time="33.046" errors="0">
  <testcase name="automateTest" time="32.913" classname="TestCases.IdentifyCoursesFirefoxTest">
    <failure type="java.lang.AssertionError" message="null">
      <![CDATA[java.lang.AssertionError: null
at BaseClasses.BaseTestClass.reportFail(BaseTestClass.java:126)
at PageClasses.ResultsPage.openCourseDetailsPage(ResultsPage.java:83)
at TestCases.IdentifyCoursesFirefoxTest.automateTest(IdentifyCoursesFirefoxTest.java:34)
at java.util.ArrayList.forEach(ArrayList.java:1259)
... Removed 28 stack frames]]>
    </failure>
  </testcase> <!-- automateTest -->
</testsuite> <!-- Firefox Test -->
