<?xml version="1.0" encoding="UTF-8"?>
<!-- Generated by org.testng.reporters.JUnitXMLReporter -->
<testsuite hostname="LAPTOP-QFKR4O5H" ignored="0" name="Opera Test" tests="1" failures="1" timestamp="2020-09-25T19:34:47 IST" time="32.099" errors="0">
  <testcase name="automateTest" time="31.461" classname="TestCases.IdentifyCoursesOperaTest">
    <failure type="java.lang.AssertionError" message="-1">
      <![CDATA[java.lang.AssertionError: -1
at BaseClasses.BaseTestClass.reportFail(BaseTestClass.java:126)
at PageClasses.ResultsPage.openCourseDetailsPage(ResultsPage.java:83)
at TestCases.IdentifyCoursesOperaTest.automateTest(IdentifyCoursesOperaTest.java:35)
at java.util.ArrayList.forEach(ArrayList.java:1259)
... Removed 28 stack frames]]>
    </failure>
  </testcase> <!-- automateTest -->
</testsuite> <!-- Opera Test -->
