<?xml version="1.0" encoding="UTF-8"?>
<!-- Generated by org.testng.reporters.JUnitXMLReporter -->
<testsuite hostname="LAPTOP-QFKR4O5H" ignored="0" name="Identify Courses in Chrome" tests="20" failures="7" timestamp="01 Oct 2020 09:04:37 GMT" time="547.901" errors="0">
  <testcase name="searchTest" time="117.306" classname="TestCases.IdentifyCoursesTest"/>
  <testcase name="formTest" time="11.205" classname="TestCases.IdentifyCoursesTest"/>
  <testcase name="formTest" time="10.932" classname="TestCases.IdentifyCoursesTest"/>
  <testcase name="formTest" time="11.081" classname="TestCases.IdentifyCoursesTest"/>
  <testcase name="formTest" time="15.795" classname="TestCases.IdentifyCoursesTest"/>
  <testcase name="formTest" time="8.478" classname="TestCases.IdentifyCoursesTest"/>
  <testcase name="formTest" time="11.14" classname="TestCases.IdentifyCoursesTest"/>
  <testcase name="formTest" time="28.413" classname="TestCases.IdentifyCoursesTest">
    <failure type="java.lang.AssertionError" message="Error message NOT displayed, which is a failure!">
      <![CDATA[java.lang.AssertionError: Error message NOT displayed, which is a failure!
at BaseClasses.BaseTestClass.reportFail(BaseTestClass.java:161)
at PageClasses.CourseraForCampusPage.fillAndSubmitForm(CourseraForCampusPage.java:89)
at TestCases.IdentifyCoursesTest.formTest(IdentifyCoursesTest.java:61)
... Removed 26 stack frames]]>
    </failure>
  </testcase> <!-- formTest -->
  <testcase name="formTest" time="150.791" classname="TestCases.IdentifyCoursesTest">
    <failure type="java.lang.AssertionError" message="Error message NOT displayed, which is a failure!">
      <![CDATA[java.lang.AssertionError: Error message NOT displayed, which is a failure!
at BaseClasses.BaseTestClass.reportFail(BaseTestClass.java:161)
at PageClasses.CourseraForCampusPage.fillAndSubmitForm(CourseraForCampusPage.java:89)
at TestCases.IdentifyCoursesTest.formTest(IdentifyCoursesTest.java:61)
... Removed 26 stack frames]]>
    </failure>
  </testcase> <!-- formTest -->
  <testcase name="formTest" time="14.938" classname="TestCases.IdentifyCoursesTest">
    <failure type="java.lang.AssertionError" message="Error message NOT displayed, which is a failure!">
      <![CDATA[java.lang.AssertionError: Error message NOT displayed, which is a failure!
at BaseClasses.BaseTestClass.reportFail(BaseTestClass.java:161)
at PageClasses.CourseraForCampusPage.fillAndSubmitForm(CourseraForCampusPage.java:89)
at TestCases.IdentifyCoursesTest.formTest(IdentifyCoursesTest.java:61)
... Removed 26 stack frames]]>
    </failure>
  </testcase> <!-- formTest -->
  <testcase name="formTest" time="13.974" classname="TestCases.IdentifyCoursesTest">
    <failure type="java.lang.AssertionError" message="Error message NOT displayed, which is a failure!">
      <![CDATA[java.lang.AssertionError: Error message NOT displayed, which is a failure!
at BaseClasses.BaseTestClass.reportFail(BaseTestClass.java:161)
at PageClasses.CourseraForCampusPage.fillAndSubmitForm(CourseraForCampusPage.java:89)
at TestCases.IdentifyCoursesTest.formTest(IdentifyCoursesTest.java:61)
... Removed 26 stack frames]]>
    </failure>
  </testcase> <!-- formTest -->
  <testcase name="formTest" time="17.895" classname="TestCases.IdentifyCoursesTest">
    <failure type="java.lang.AssertionError" message="Error message NOT displayed, which is a failure!">
      <![CDATA[java.lang.AssertionError: Error message NOT displayed, which is a failure!
at BaseClasses.BaseTestClass.reportFail(BaseTestClass.java:161)
at PageClasses.CourseraForCampusPage.fillAndSubmitForm(CourseraForCampusPage.java:89)
at TestCases.IdentifyCoursesTest.formTest(IdentifyCoursesTest.java:61)
... Removed 26 stack frames]]>
    </failure>
  </testcase> <!-- formTest -->
  <testcase name="formTest" time="14.021" classname="TestCases.IdentifyCoursesTest">
    <failure type="java.lang.AssertionError" message="Error message NOT displayed, which is a failure!">
      <![CDATA[java.lang.AssertionError: Error message NOT displayed, which is a failure!
at BaseClasses.BaseTestClass.reportFail(BaseTestClass.java:161)
at PageClasses.CourseraForCampusPage.fillAndSubmitForm(CourseraForCampusPage.java:89)
at TestCases.IdentifyCoursesTest.formTest(IdentifyCoursesTest.java:61)
... Removed 26 stack frames]]>
    </failure>
  </testcase> <!-- formTest -->
  <testcase name="formTest" time="65.322" classname="TestCases.IdentifyCoursesTest">
    <failure type="java.lang.AssertionError" message="Error message NOT displayed, which is a failure!">
      <![CDATA[java.lang.AssertionError: Error message NOT displayed, which is a failure!
at BaseClasses.BaseTestClass.reportFail(BaseTestClass.java:161)
at PageClasses.CourseraForCampusPage.fillAndSubmitForm(CourseraForCampusPage.java:89)
at TestCases.IdentifyCoursesTest.formTest(IdentifyCoursesTest.java:61)
... Removed 26 stack frames]]>
    </failure>
  </testcase> <!-- formTest -->
  <testcase name="formTest" time="8.874" classname="TestCases.IdentifyCoursesTest"/>
  <testcase name="formTest" time="7.784" classname="TestCases.IdentifyCoursesTest"/>
  <testcase name="formTest" time="7.727" classname="TestCases.IdentifyCoursesTest"/>
  <testcase name="formTest" time="8.134" classname="TestCases.IdentifyCoursesTest"/>
  <testcase name="formTest" time="13.26" classname="TestCases.IdentifyCoursesTest"/>
  <testcase name="formTest" time="7.969" classname="TestCases.IdentifyCoursesTest"/>
</testsuite> <!-- Identify Courses in Chrome -->
